Using pre-set license

 COMMAND LINE ARGUMENTS:
/Applications/Unity/Hub/Editor/2020.3.0f1/Unity.app/Contents/MacOS/Unity
-adb2
-batchMode
-noUpm
-name
AssetImportWorker0
-projectPath
/Users/lukazphelps/Desktop/Idle_Clicker/Idle Game Intensive
-logFile
Logs/AssetImportWorker0.log
-srvPort
51968
Successfully changed project path to: /Users/lukazphelps/Desktop/Idle_Clicker/Idle Game Intensive
/Users/lukazphelps/Desktop/Idle_Clicker/Idle Game Intensive
Using Asset Import Pipeline V2.
Refreshing native plugins compatible for Editor in 43.02 ms, found 2 plugins.
Preloading 0 native plugins for Editor in 0.00 ms.
Initialize engine version: 2020.3.0f1 (c7b5465681fb)
[Subsystems] Discovering subsystems at path /Applications/Unity/Hub/Editor/2020.3.0f1/Unity.app/Contents/Resources/UnitySubsystems
[Subsystems] Discovering subsystems at path /Users/lukazphelps/Desktop/Idle_Clicker/Idle Game Intensive/Assets
GfxDevice: creating device client; threaded=0
2021-03-16 19:29:55.233 Unity[39560:33102842] Color LCD preferred device: AMD Radeon Pro 560 (high power)
2021-03-16 19:29:55.233 Unity[39560:33102842] Metal devices available: 2
2021-03-16 19:29:55.233 Unity[39560:33102842] 0: AMD Radeon Pro 560 (high power)
2021-03-16 19:29:55.233 Unity[39560:33102842] 1: Intel(R) HD Graphics 630 (low power)
2021-03-16 19:29:55.233 Unity[39560:33102842] Using device AMD Radeon Pro 560 (high power)
Initializing Metal device caps: AMD Radeon Pro 560
Initialize mono
Mono path[0] = '/Applications/Unity/Hub/Editor/2020.3.0f1/Unity.app/Contents/Managed'
Mono path[1] = '/Applications/Unity/Hub/Editor/2020.3.0f1/Unity.app/Contents/MonoBleedingEdge/lib/mono/unityjit'
Mono config path = '/Applications/Unity/Hub/Editor/2020.3.0f1/Unity.app/Contents/MonoBleedingEdge/etc'
Using monoOptions --debugger-agent=transport=dt_socket,embedding=1,server=y,suspend=n,address=127.0.0.1:56560
Begin MonoManager ReloadAssembly
Registering precompiled unity dll's ...
Register platform support module: /Applications/Unity/Hub/Editor/2020.3.0f1/PlaybackEngines/WebGLSupport/UnityEditor.WebGL.Extensions.dll
Register platform support module: /Applications/Unity/Hub/Editor/2020.3.0f1/Unity.app/Contents/PlaybackEngines/MacStandaloneSupport/UnityEditor.OSXStandalone.Extensions.dll
Registered in 0.003822 seconds.
Native extension for OSXStandalone target not found
Native extension for WebGL target not found
Refreshing native plugins compatible for Editor in 34.06 ms, found 2 plugins.
Preloading 0 native plugins for Editor in 0.00 ms.
Invoked RoslynAnalysisRunner static constructor.
RoslynAnalysisRunner will not be running.
RoslynAnalysisRunner has terminated.
Mono: successfully reloaded assembly
- Completed reload, in  7.292 seconds
Platform modules already initialized, skipping
Registering precompiled user dll's ...
Registered in 0.000982 seconds.
Begin MonoManager ReloadAssembly
Native extension for OSXStandalone target not found
Native extension for WebGL target not found
Refreshing native plugins compatible for Editor in 37.17 ms, found 2 plugins.
Preloading 0 native plugins for Editor in 0.00 ms.
Invoked RoslynAnalysisRunner static constructor.
RoslynAnalysisRunner will not be running.
RoslynAnalysisRunner has terminated.
Mono: successfully reloaded assembly
- Completed reload, in  1.273 seconds
Platform modules already initialized, skipping
========================================================================
Worker process is ready to serve import requests
Launching external process: /Applications/Unity/Hub/Editor/2020.3.0f1/Unity.app/Contents/Tools/UnityShaderCompiler
Launched and connected shader compiler UnityShaderCompiler after 0.01 seconds
Refreshing native plugins compatible for Editor in 0.40 ms, found 2 plugins.
Preloading 0 native plugins for Editor in 0.00 ms.
Unloading 1819 Unused Serialized files (Serialized files now loaded: 0)
System memory in use before: 150.4 MB.
System memory in use after: 150.4 MB.

Unloading 24 unused Assets to reduce memory usage. Loaded Objects now: 2262.
Total: 2.709638 ms (FindLiveObjects: 0.283168 ms CreateObjectMapping: 0.090961 ms MarkObjects: 2.172910 ms  DeleteObjects: 0.161658 ms)

========================================================================
Received Import Request.
  path: Assets/New Folder
  artifactKey: Guid(0e163a76aaf704682bf1371fb8465576) Importer(815301076,1909f56bfc062723c751e8b465ee728b)
Start importing Assets/New Folder using Guid(0e163a76aaf704682bf1371fb8465576) Importer(815301076,1909f56bfc062723c751e8b465ee728b)  -> (artifact id: '28b21aad8be24c3479eee99bc993a769') in 0.005381 seconds
  Import took 0.008883 seconds .

========================================================================
Received Import Request.
  Time since last request: 5.112908 seconds.
  path: Assets/Scripts
  artifactKey: Guid(0e163a76aaf704682bf1371fb8465576) Importer(815301076,1909f56bfc062723c751e8b465ee728b)
Start importing Assets/Scripts using Guid(0e163a76aaf704682bf1371fb8465576) Importer(815301076,1909f56bfc062723c751e8b465ee728b)  -> (artifact id: 'cb7271d0c1fa8da1f5052becd55acb8b') in 0.003033 seconds
  Import took 0.007265 seconds .

========================================================================
Received Import Request.
  Time since last request: 24.431740 seconds.
  path: Assets/Scripts/Controller.cs
  artifactKey: Guid(31f30e44051834ff3a17bf374794f2c3) Importer(815301076,1909f56bfc062723c751e8b465ee728b)
Start importing Assets/Scripts/Controller.cs using Guid(31f30e44051834ff3a17bf374794f2c3) Importer(815301076,1909f56bfc062723c751e8b465ee728b)  -> (artifact id: 'a2b31ef32f7fd1e77bdae6226abcc8ed') in 0.362899 seconds
  Import took 0.365873 seconds .

========================================================================
Received Prepare
Registering precompiled user dll's ...
Registered in 0.002810 seconds.
Begin MonoManager ReloadAssembly
Native extension for OSXStandalone target not found
Native extension for WebGL target not found
Refreshing native plugins compatible for Editor in 0.43 ms, found 2 plugins.
Preloading 0 native plugins for Editor in 0.00 ms.
Invoked RoslynAnalysisRunner static constructor.
RoslynAnalysisRunner will not be running.
RoslynAnalysisRunner has terminated.
Mono: successfully reloaded assembly
- Completed reload, in  1.369 seconds
Platform modules already initialized, skipping
Refreshing native plugins compatible for Editor in 0.38 ms, found 2 plugins.
Preloading 0 native plugins for Editor in 0.00 ms.
Unloading 1802 Unused Serialized files (Serialized files now loaded: 0)
System memory in use before: 153.9 MB.
System memory in use after: 153.9 MB.

Unloading 12 unused Assets to reduce memory usage. Loaded Objects now: 2267.
Total: 4.564156 ms (FindLiveObjects: 0.502363 ms CreateObjectMapping: 0.217079 ms MarkObjects: 3.605578 ms  DeleteObjects: 0.237486 ms)

========================================================================
Received Import Request.
  Time since last request: 819.489324 seconds.
  path: Assets/Scripts/Controller.cs
  artifactKey: Guid(31f30e44051834ff3a17bf374794f2c3) Importer(815301076,1909f56bfc062723c751e8b465ee728b)
Start importing Assets/Scripts/Controller.cs using Guid(31f30e44051834ff3a17bf374794f2c3) Importer(815301076,1909f56bfc062723c751e8b465ee728b)  -> (artifact id: '2413933131b8b20b43ee99b4166ac2b3') in 0.006270 seconds
  Import took 0.010400 seconds .

========================================================================
Received Import Request.
  Time since last request: 0.000682 seconds.
  path: Assets/Scripts/Controller.cs
  artifactKey: Guid(31f30e44051834ff3a17bf374794f2c3) Importer(815301076,1909f56bfc062723c751e8b465ee728b)
Start importing Assets/Scripts/Controller.cs using Guid(31f30e44051834ff3a17bf374794f2c3) Importer(815301076,1909f56bfc062723c751e8b465ee728b)  -> (artifact id: '2413933131b8b20b43ee99b4166ac2b3') in 0.001843 seconds
  Import took 0.005619 seconds .

========================================================================
Received Prepare
Registering precompiled user dll's ...
Registered in 0.003229 seconds.
Begin MonoManager ReloadAssembly
Native extension for OSXStandalone target not found
Native extension for WebGL target not found
Refreshing native plugins compatible for Editor in 0.38 ms, found 2 plugins.
Preloading 0 native plugins for Editor in 0.00 ms.
Invoked RoslynAnalysisRunner static constructor.
RoslynAnalysisRunner will not be running.
RoslynAnalysisRunner has terminated.
Mono: successfully reloaded assembly
- Completed reload, in  1.148 seconds
Platform modules already initialized, skipping
Refreshing native plugins compatible for Editor in 0.37 ms, found 2 plugins.
Preloading 0 native plugins for Editor in 0.00 ms.
Unloading 1802 Unused Serialized files (Serialized files now loaded: 0)
System memory in use before: 154.2 MB.
System memory in use after: 154.2 MB.

Unloading 12 unused Assets to reduce memory usage. Loaded Objects now: 2271.
Total: 2.144854 ms (FindLiveObjects: 0.304994 ms CreateObjectMapping: 0.073753 ms MarkObjects: 1.656322 ms  DeleteObjects: 0.108563 ms)

========================================================================
Received Prepare
Registering precompiled user dll's ...
Registered in 0.001115 seconds.
Begin MonoManager ReloadAssembly
Native extension for OSXStandalone target not found
Native extension for WebGL target not found
Refreshing native plugins compatible for Editor in 0.48 ms, found 2 plugins.
Preloading 0 native plugins for Editor in 0.00 ms.
Invoked RoslynAnalysisRunner static constructor.
RoslynAnalysisRunner will not be running.
RoslynAnalysisRunner has terminated.
Mono: successfully reloaded assembly
- Completed reload, in  1.062 seconds
Platform modules already initialized, skipping
Refreshing native plugins compatible for Editor in 0.45 ms, found 2 plugins.
Preloading 0 native plugins for Editor in 0.00 ms.
Unloading 1802 Unused Serialized files (Serialized files now loaded: 0)
System memory in use before: 154.4 MB.
System memory in use after: 154.4 MB.

Unloading 12 unused Assets to reduce memory usage. Loaded Objects now: 2275.
Total: 2.325852 ms (FindLiveObjects: 0.297764 ms CreateObjectMapping: 0.095183 ms MarkObjects: 1.815879 ms  DeleteObjects: 0.115287 ms)

========================================================================
Received Prepare
Registering precompiled user dll's ...
Registered in 0.002750 seconds.
Begin MonoManager ReloadAssembly
Native extension for OSXStandalone target not found
Native extension for WebGL target not found
Refreshing native plugins compatible for Editor in 0.36 ms, found 2 plugins.
Preloading 0 native plugins for Editor in 0.00 ms.
Invoked RoslynAnalysisRunner static constructor.
RoslynAnalysisRunner will not be running.
RoslynAnalysisRunner has terminated.
Mono: successfully reloaded assembly
- Completed reload, in  1.058 seconds
Platform modules already initialized, skipping
Refreshing native plugins compatible for Editor in 0.68 ms, found 2 plugins.
Preloading 0 native plugins for Editor in 0.00 ms.
Unloading 1802 Unused Serialized files (Serialized files now loaded: 0)
System memory in use before: 154.6 MB.
System memory in use after: 154.6 MB.

Unloading 12 unused Assets to reduce memory usage. Loaded Objects now: 2279.
Total: 2.611720 ms (FindLiveObjects: 0.367883 ms CreateObjectMapping: 0.210947 ms MarkObjects: 1.917621 ms  DeleteObjects: 0.113412 ms)

========================================================================
Received Prepare
Registering precompiled user dll's ...
Registered in 0.000629 seconds.
Begin MonoManager ReloadAssembly
Native extension for OSXStandalone target not found
Native extension for WebGL target not found
Refreshing native plugins compatible for Editor in 0.56 ms, found 2 plugins.
Preloading 0 native plugins for Editor in 0.00 ms.
Invoked RoslynAnalysisRunner static constructor.
RoslynAnalysisRunner will not be running.
RoslynAnalysisRunner has terminated.
Mono: successfully reloaded assembly
- Completed reload, in  1.345 seconds
Platform modules already initialized, skipping
Refreshing native plugins compatible for Editor in 0.48 ms, found 2 plugins.
Preloading 0 native plugins for Editor in 0.00 ms.
Unloading 1802 Unused Serialized files (Serialized files now loaded: 0)
System memory in use before: 154.8 MB.
System memory in use after: 154.8 MB.

Unloading 12 unused Assets to reduce memory usage. Loaded Objects now: 2283.
Total: 3.903478 ms (FindLiveObjects: 0.434067 ms CreateObjectMapping: 0.166253 ms MarkObjects: 3.088081 ms  DeleteObjects: 0.212619 ms)

